Determining if the pthread_create exist failed with the following output:
Change Dir: /home/pan/Documents/arm_ws/build/CMakeFiles/CMakeTmp

Run Build Command:"/usr/bin/make" "cmTC_81080/fast"
/usr/bin/make -f CMakeFiles/cmTC_81080.dir/build.make CMakeFiles/cmTC_81080.dir/build
make[1]: Entering directory '/home/pan/Documents/arm_ws/build/CMakeFiles/CMakeTmp'
Building C object CMakeFiles/cmTC_81080.dir/CheckSymbolExists.c.o
/usr/bin/cc    -o CMakeFiles/cmTC_81080.dir/CheckSymbolExists.c.o   -c /home/pan/Documents/arm_ws/build/CMakeFiles/CMakeTmp/CheckSymbolExists.c
Linking C executable cmTC_81080
/usr/bin/cmake -E cmake_link_script CMakeFiles/cmTC_81080.dir/link.txt --verbose=1
/usr/bin/cc      -rdynamic CMakeFiles/cmTC_81080.dir/CheckSymbolExists.c.o  -o cmTC_81080 
CMakeFiles/cmTC_81080.dir/CheckSymbolExists.c.o: In function `main':
CheckSymbolExists.c:(.text+0x1b): undefined reference to `pthread_create'
collect2: error: ld returned 1 exit status
CMakeFiles/cmTC_81080.dir/build.make:97: recipe for target 'cmTC_81080' failed
make[1]: *** [cmTC_81080] Error 1
make[1]: Leaving directory '/home/pan/Documents/arm_ws/build/CMakeFiles/CMakeTmp'
Makefile:126: recipe for target 'cmTC_81080/fast' failed
make: *** [cmTC_81080/fast] Error 2

File /home/pan/Documents/arm_ws/build/CMakeFiles/CMakeTmp/CheckSymbolExists.c:
/* */
#include <pthread.h>

int main(int argc, char** argv)
{
  (void)argv;
#ifndef pthread_create
  return ((int*)(&pthread_create))[argc];
#else
  (void)argc;
  return 0;
#endif
}

Determining if the function pthread_create exists in the pthreads failed with the following output:
Change Dir: /home/pan/Documents/arm_ws/build/CMakeFiles/CMakeTmp

Run Build Command:"/usr/bin/make" "cmTC_37d72/fast"
/usr/bin/make -f CMakeFiles/cmTC_37d72.dir/build.make CMakeFiles/cmTC_37d72.dir/build
make[1]: Entering directory '/home/pan/Documents/arm_ws/build/CMakeFiles/CMakeTmp'
Building C object CMakeFiles/cmTC_37d72.dir/CheckFunctionExists.c.o
/usr/bin/cc   -DCHECK_FUNCTION_EXISTS=pthread_create   -o CMakeFiles/cmTC_37d72.dir/CheckFunctionExists.c.o   -c /usr/share/cmake-3.10/Modules/CheckFunctionExists.c
Linking C executable cmTC_37d72
/usr/bin/cmake -E cmake_link_script CMakeFiles/cmTC_37d72.dir/link.txt --verbose=1
/usr/bin/cc  -DCHECK_FUNCTION_EXISTS=pthread_create    -rdynamic CMakeFiles/cmTC_37d72.dir/CheckFunctionExists.c.o  -o cmTC_37d72 -lpthreads 
/usr/bin/ld: cannot find -lpthreads
collect2: error: ld returned 1 exit status
CMakeFiles/cmTC_37d72.dir/build.make:97: recipe for target 'cmTC_37d72' failed
make[1]: *** [cmTC_37d72] Error 1
make[1]: Leaving directory '/home/pan/Documents/arm_ws/build/CMakeFiles/CMakeTmp'
Makefile:126: recipe for target 'cmTC_37d72/fast' failed
make: *** [cmTC_37d72/fast] Error 2


